<?xml version="1.0" encoding="UTF-8"?>
<coverage generated="1610459893747" clover="3.2.0">
  <project timestamp="1610459893747" name="All files">
    <metrics statements="35" coveredstatements="35" conditionals="10" coveredconditionals="10" methods="11" coveredmethods="11" elements="56" coveredelements="56" complexity="0" loc="35" ncloc="35" packages="2" files="5" classes="5"/>
    <package name="wk1">
      <metrics statements="14" coveredstatements="14" conditionals="2" coveredconditionals="2" methods="2" coveredmethods="2"/>
      <file name="script.js" path="/Users/ilja.petrovs/Documents/coursework/wk1/script.js">
        <metrics statements="14" coveredstatements="14" conditionals="2" coveredconditionals="2" methods="2" coveredmethods="2"/>
        <line num="1" count="1" type="stmt"/>
        <line num="2" count="1" type="stmt"/>
        <line num="3" count="1" type="stmt"/>
        <line num="4" count="1" type="stmt"/>
        <line num="5" count="1" type="stmt"/>
        <line num="8" count="2" type="cond" truecount="2" falsecount="0"/>
        <line num="11" count="1" type="stmt"/>
        <line num="18" count="1" type="stmt"/>
        <line num="25" count="1" type="stmt"/>
        <line num="32" count="1" type="stmt"/>
        <line num="39" count="1" type="stmt"/>
        <line num="46" count="1" type="stmt"/>
        <line num="53" count="1" type="stmt"/>
        <line num="63" count="1" type="stmt"/>
      </file>
    </package>
    <package name="wk1.classes">
      <metrics statements="21" coveredstatements="21" conditionals="8" coveredconditionals="8" methods="9" coveredmethods="9"/>
      <file name="Airport.js" path="/Users/ilja.petrovs/Documents/coursework/wk1/classes/Airport.js">
        <metrics statements="5" coveredstatements="5" conditionals="2" coveredconditionals="2" methods="2" coveredmethods="2"/>
        <line num="15" count="4" type="cond" truecount="2" falsecount="0"/>
        <line num="16" count="3" type="stmt"/>
        <line num="17" count="3" type="stmt"/>
        <line num="25" count="1" type="stmt"/>
        <line num="29" count="3" type="stmt"/>
      </file>
      <file name="Bag.js" path="/Users/ilja.petrovs/Documents/coursework/wk1/classes/Bag.js">
        <metrics statements="3" coveredstatements="3" conditionals="2" coveredconditionals="2" methods="1" coveredmethods="1"/>
        <line num="11" count="4" type="cond" truecount="2" falsecount="0"/>
        <line num="12" count="3" type="stmt"/>
        <line num="16" count="5" type="stmt"/>
      </file>
      <file name="Passenger.js" path="/Users/ilja.petrovs/Documents/coursework/wk1/classes/Passenger.js">
        <metrics statements="5" coveredstatements="5" conditionals="2" coveredconditionals="2" methods="2" coveredmethods="2"/>
        <line num="15" count="6" type="cond" truecount="2" falsecount="0"/>
        <line num="16" count="5" type="stmt"/>
        <line num="17" count="5" type="stmt"/>
        <line num="25" count="2" type="stmt"/>
        <line num="29" count="4" type="stmt"/>
      </file>
      <file name="Plane.js" path="/Users/ilja.petrovs/Documents/coursework/wk1/classes/Plane.js">
        <metrics statements="8" coveredstatements="8" conditionals="2" coveredconditionals="2" methods="4" coveredmethods="4"/>
        <line num="17" count="3" type="cond" truecount="2" falsecount="0"/>
        <line num="18" count="1" type="stmt"/>
        <line num="20" count="2" type="stmt"/>
        <line num="21" count="2" type="stmt"/>
        <line num="28" count="1" type="stmt"/>
        <line num="36" count="1" type="stmt"/>
        <line num="44" count="4" type="stmt"/>
        <line num="48" count="3" type="stmt"/>
      </file>
    </package>
  </project>
</coverage>
