{"/Users/ilja.petrovs/Documents/coursework/wk1/script.js": {"path":"/Users/ilja.petrovs/Documents/coursework/wk1/script.js","statementMap":{"0":{"start":{"line":1,"column":32},"end":{"line":1,"column":55}},"1":{"start":{"line":2,"column":14},"end":{"line":2,"column":40}},"2":{"start":{"line":3,"column":18},"end":{"line":3,"column":48}},"3":{"start":{"line":4,"column":12},"end":{"line":4,"column":36}},"4":{"start":{"line":5,"column":16},"end":{"line":5,"column":44}},"5":{"start":{"line":8,"column":4},"end":{"line":8,"column":89}},"6":{"start":{"line":8,"column":38},"end":{"line":8,"column":54}},"7":{"start":{"line":11,"column":14},"end":{"line":16,"column":1}},"8":{"start":{"line":18,"column":16},"end":{"line":23,"column":1}},"9":{"start":{"line":25,"column":16},"end":{"line":30,"column":1}},"10":{"start":{"line":32,"column":18},"end":{"line":37,"column":1}},"11":{"start":{"line":39,"column":15},"end":{"line":44,"column":1}},"12":{"start":{"line":46,"column":18},"end":{"line":51,"column":1}},"13":{"start":{"line":53,"column":14},"end":{"line":58,"column":1}},"14":{"start":{"line":63,"column":0},"end":{"line":63,"column":69}}},"fnMap":{"0":{"name":"childOf","decl":{"start":{"line":7,"column":9},"end":{"line":7,"column":16}},"loc":{"start":{"line":7,"column":19},"end":{"line":9,"column":3}},"line":7},"1":{"name":"(anonymous_1)","decl":{"start":{"line":8,"column":28},"end":{"line":8,"column":29}},"loc":{"start":{"line":8,"column":38},"end":{"line":8,"column":54}},"line":8}},"branchMap":{"0":{"loc":{"start":{"line":8,"column":11},"end":{"line":8,"column":88}},"type":"binary-expr","locations":[{"start":{"line":8,"column":11},"end":{"line":8,"column":67}},{"start":{"line":8,"column":71},"end":{"line":8,"column":88}}],"line":8}},"s":{"0":1,"1":1,"2":1,"3":1,"4":1,"5":2,"6":2,"7":1,"8":1,"9":1,"10":1,"11":1,"12":1,"13":1,"14":1},"f":{"0":2,"1":2},"b":{"0":[2,1]},"_coverageSchema":"1a1c01bbd47fc00a2c39e90264f33305004495a9","hash":"012e324c8832482305c1efc2ba21327e9fc219a4"}
,"/Users/ilja.petrovs/Documents/coursework/wk1/classes/Airport.js": {"path":"/Users/ilja.petrovs/Documents/coursework/wk1/classes/Airport.js","statementMap":{"0":{"start":{"line":15,"column":8},"end":{"line":15,"column":63}},"1":{"start":{"line":15,"column":19},"end":{"line":15,"column":63}},"2":{"start":{"line":16,"column":8},"end":{"line":16,"column":32}},"3":{"start":{"line":17,"column":8},"end":{"line":17,"column":25}},"4":{"start":{"line":25,"column":8},"end":{"line":25,"column":32}},"5":{"start":{"line":29,"column":0},"end":{"line":29,"column":25}}},"fnMap":{"0":{"name":"(anonymous_0)","decl":{"start":{"line":14,"column":4},"end":{"line":14,"column":5}},"loc":{"start":{"line":14,"column":22},"end":{"line":18,"column":5}},"line":14},"1":{"name":"(anonymous_1)","decl":{"start":{"line":24,"column":4},"end":{"line":24,"column":5}},"loc":{"start":{"line":24,"column":20},"end":{"line":26,"column":5}},"line":24}},"branchMap":{"0":{"loc":{"start":{"line":15,"column":8},"end":{"line":15,"column":63}},"type":"if","locations":[{"start":{"line":15,"column":8},"end":{"line":15,"column":63}},{"start":{"line":15,"column":8},"end":{"line":15,"column":63}}],"line":15}},"s":{"0":4,"1":1,"2":3,"3":3,"4":1,"5":3},"f":{"0":4,"1":1},"b":{"0":[1,3]},"_coverageSchema":"1a1c01bbd47fc00a2c39e90264f33305004495a9","hash":"c5e2e955d1366bba885db44e096e7d735113232a"}
,"/Users/ilja.petrovs/Documents/coursework/wk1/classes/Bag.js": {"path":"/Users/ilja.petrovs/Documents/coursework/wk1/classes/Bag.js","statementMap":{"0":{"start":{"line":11,"column":8},"end":{"line":11,"column":62}},"1":{"start":{"line":11,"column":20},"end":{"line":11,"column":62}},"2":{"start":{"line":12,"column":8},"end":{"line":12,"column":29}},"3":{"start":{"line":16,"column":0},"end":{"line":16,"column":21}}},"fnMap":{"0":{"name":"(anonymous_0)","decl":{"start":{"line":10,"column":4},"end":{"line":10,"column":5}},"loc":{"start":{"line":10,"column":24},"end":{"line":13,"column":5}},"line":10}},"branchMap":{"0":{"loc":{"start":{"line":11,"column":8},"end":{"line":11,"column":62}},"type":"if","locations":[{"start":{"line":11,"column":8},"end":{"line":11,"column":62}},{"start":{"line":11,"column":8},"end":{"line":11,"column":62}}],"line":11}},"s":{"0":4,"1":1,"2":3,"3":5},"f":{"0":4},"b":{"0":[1,3]},"_coverageSchema":"1a1c01bbd47fc00a2c39e90264f33305004495a9","hash":"ccda274a9ecbb79fb95e7e73b5f54ec3cf8b1e99"}
,"/Users/ilja.petrovs/Documents/coursework/wk1/classes/Passenger.js": {"path":"/Users/ilja.petrovs/Documents/coursework/wk1/classes/Passenger.js","statementMap":{"0":{"start":{"line":15,"column":8},"end":{"line":15,"column":65}},"1":{"start":{"line":15,"column":18},"end":{"line":15,"column":65}},"2":{"start":{"line":16,"column":8},"end":{"line":16,"column":25}},"3":{"start":{"line":17,"column":8},"end":{"line":17,"column":23}},"4":{"start":{"line":25,"column":8},"end":{"line":25,"column":28}},"5":{"start":{"line":29,"column":0},"end":{"line":29,"column":27}}},"fnMap":{"0":{"name":"(anonymous_0)","decl":{"start":{"line":14,"column":4},"end":{"line":14,"column":5}},"loc":{"start":{"line":14,"column":22},"end":{"line":18,"column":5}},"line":14},"1":{"name":"(anonymous_1)","decl":{"start":{"line":24,"column":4},"end":{"line":24,"column":5}},"loc":{"start":{"line":24,"column":16},"end":{"line":26,"column":5}},"line":24}},"branchMap":{"0":{"loc":{"start":{"line":15,"column":8},"end":{"line":15,"column":65}},"type":"if","locations":[{"start":{"line":15,"column":8},"end":{"line":15,"column":65}},{"start":{"line":15,"column":8},"end":{"line":15,"column":65}}],"line":15}},"s":{"0":6,"1":1,"2":5,"3":5,"4":2,"5":4},"f":{"0":6,"1":2},"b":{"0":[1,5]},"_coverageSchema":"1a1c01bbd47fc00a2c39e90264f33305004495a9","hash":"2a7ce7d2004d6eae422f74c46884624ddc34500e"}
,"/Users/ilja.petrovs/Documents/coursework/wk1/classes/Plane.js": {"path":"/Users/ilja.petrovs/Documents/coursework/wk1/classes/Plane.js","statementMap":{"0":{"start":{"line":17,"column":8},"end":{"line":19,"column":9}},"1":{"start":{"line":18,"column":12},"end":{"line":18,"column":63}},"2":{"start":{"line":20,"column":8},"end":{"line":20,"column":41}},"3":{"start":{"line":21,"column":8},"end":{"line":21,"column":29}},"4":{"start":{"line":28,"column":8},"end":{"line":28,"column":29}},"5":{"start":{"line":36,"column":8},"end":{"line":36,"column":39}},"6":{"start":{"line":44,"column":8},"end":{"line":44,"column":40}},"7":{"start":{"line":48,"column":0},"end":{"line":48,"column":23}}},"fnMap":{"0":{"name":"(anonymous_0)","decl":{"start":{"line":16,"column":4},"end":{"line":16,"column":5}},"loc":{"start":{"line":16,"column":30},"end":{"line":22,"column":5}},"line":16},"1":{"name":"(anonymous_1)","decl":{"start":{"line":27,"column":4},"end":{"line":27,"column":5}},"loc":{"start":{"line":27,"column":22},"end":{"line":29,"column":5}},"line":27},"2":{"name":"(anonymous_2)","decl":{"start":{"line":35,"column":4},"end":{"line":35,"column":5}},"loc":{"start":{"line":35,"column":32},"end":{"line":37,"column":5}},"line":35},"3":{"name":"(anonymous_3)","decl":{"start":{"line":43,"column":4},"end":{"line":43,"column":5}},"loc":{"start":{"line":43,"column":30},"end":{"line":45,"column":5}},"line":43}},"branchMap":{"0":{"loc":{"start":{"line":17,"column":8},"end":{"line":19,"column":9}},"type":"if","locations":[{"start":{"line":17,"column":8},"end":{"line":19,"column":9}},{"start":{"line":17,"column":8},"end":{"line":19,"column":9}}],"line":17}},"s":{"0":3,"1":1,"2":2,"3":2,"4":1,"5":1,"6":4,"7":3},"f":{"0":3,"1":1,"2":1,"3":4},"b":{"0":[1,2]},"_coverageSchema":"1a1c01bbd47fc00a2c39e90264f33305004495a9","hash":"5eb414c72abb38573bf93d716d0310e46c8214b1"}
}
